{
  "RSpec": {
    "coverage": {
      "/Users/dhoy/launchAcademy/challenges/test-all-the-methods/code.rb": [
        1,
        2,
        1,
        null,
        1,
        null,
        null,
        null,
        1,
        1,
        1,
        4,
        null,
        null,
        1,
        null,
        null,
        1,
        1,
        1,
        1,
        null,
        1,
        null,
        null,
        1,
        5,
        1,
        4,
        1,
        3,
        1,
        null,
        2,
        null,
        null,
        null,
        1,
        4,
        4,
        26,
        9,
        null,
        17,
        null,
        null,
        4,
        null,
        null,
        1,
        1,
        null,
        null,
        1,
        4,
        1,
        null,
        null,
        3,
        3,
        11,
        9,
        null,
        1,
        null
      ]
    },
    "timestamp": 1540651502
  }
}
